<?xml version="1.0" encoding="UTF-8"?>
<testsuite name="SlidingWindowTests" tests="1" skipped="0" failures="0" errors="0" timestamp="2020-02-16T16:24:20" hostname="TheCapsule" time="0.018">
  <properties/>
  <testcase name="findLengthOfLongestSubstringWithKDistinctElements()" classname="SlidingWindowTests" time="0.018"/>
  <system-out><![CDATA[]]></system-out>
  <system-err><![CDATA[]]></system-err>
</testsuite>
