<?xml version="1.0" encoding="UTF-8"?>
<testsuite name="SlidingWindowTests" tests="1" skipped="0" failures="0" errors="0" timestamp="2020-02-17T04:04:43" hostname="TheCapsule" time="0.031">
  <properties/>
  <testcase name="findLengthCharacterReplacement()" classname="SlidingWindowTests" time="0.031"/>
  <system-out><![CDATA[]]></system-out>
  <system-err><![CDATA[]]></system-err>
</testsuite>
